<?xml version="1.0" encoding="utf-8"?>
<coverage line-rate="0.917" branch-rate="0.9506999999999999" version="1.9" timestamp="1607704401" lines-covered="431" lines-valid="470" branches-covered="135" branches-valid="142">
  <sources>
    <source>C:\repos\study\OOPlab10\OOPlab10\</source>
  </sources>
  <packages>
    <package name="OOPlab10" line-rate="0.917" branch-rate="0.9506999999999999" complexity="193">
      <classes>
        <class name="OOPlab10.Administration" filename="Administration.cs" line-rate="1" branch-rate="1" complexity="22">
          <methods>
            <method name="get_NumOfDeputy" signature="()" line-rate="1" branch-rate="1" complexity="1">
              <lines>
                <line number="44" hits="12" branch="False" />
              </lines>
            </method>
            <method name="set_NumOfDeputy" signature="(System.Int32)" line-rate="1" branch-rate="1" complexity="1">
              <lines>
                <line number="45" hits="9" branch="False" />
              </lines>
            </method>
            <method name="Info" signature="()" line-rate="1" branch-rate="1" complexity="1">
              <lines>
                <line number="55" hits="76" branch="False" />
                <line number="56" hits="76" branch="False" />
                <line number="57" hits="76" branch="False" />
                <line number="58" hits="76" branch="False" />
              </lines>
            </method>
            <method name="CompareTo" signature="(System.Object)" line-rate="1" branch-rate="1" complexity="2">
              <lines>
                <line number="61" hits="5" branch="False" />
                <line number="62" hits="5" branch="False" />
                <line number="63" hits="5" branch="True" condition-coverage="100% (2/2)">
                  <conditions>
                    <condition number="14" type="jump" coverage="100%" />
                  </conditions>
                </line>
                <line number="64" hits="4" branch="False" />
                <line number="66" hits="1" branch="False" />
                <line number="67" hits="4" branch="False" />
              </lines>
            </method>
            <method name="ShallowCopy" signature="()" line-rate="1" branch-rate="1" complexity="1">
              <lines>
                <line number="74" hits="1" branch="False" />
                <line number="75" hits="1" branch="False" />
                <line number="76" hits="1" branch="False" />
              </lines>
            </method>
            <method name="Clone" signature="()" line-rate="1" branch-rate="1" complexity="1">
              <lines>
                <line number="84" hits="1" branch="False" />
                <line number="85" hits="1" branch="False" />
                <line number="86" hits="1" branch="False" />
              </lines>
            </method>
            <method name="Equals" signature="(System.Object)" line-rate="1" branch-rate="1" complexity="12">
              <lines>
                <line number="95" hits="3" branch="False" />
                <line number="96" hits="3" branch="True" condition-coverage="100% (4/4)">
                  <conditions>
                    <condition number="2" type="jump" coverage="100%" />
                    <condition number="29" type="jump" coverage="100%" />
                  </conditions>
                </line>
                <line number="97" hits="1" branch="False" />
                <line number="99" hits="2" branch="False" />
                <line number="100" hits="2" branch="False" />
                <line number="101" hits="2" branch="True" condition-coverage="100% (8/8)">
                  <conditions>
                    <condition number="60" type="jump" coverage="100%" />
                    <condition number="74" type="jump" coverage="100%" />
                    <condition number="88" type="jump" coverage="100%" />
                    <condition number="107" type="jump" coverage="100%" />
                  </conditions>
                </line>
                <line number="102" hits="2" branch="False" />
                <line number="103" hits="2" branch="False" />
                <line number="105" hits="3" branch="False" />
              </lines>
            </method>
            <method name="GetHashCode" signature="()" line-rate="1" branch-rate="1" complexity="1">
              <lines>
                <line number="112" hits="4" branch="False" />
                <line number="113" hits="4" branch="False" />
                <line number="114" hits="4" branch="False" />
              </lines>
            </method>
            <method name=".ctor" signature="()" line-rate="1" branch-rate="1" complexity="1">
              <lines>
                <line number="16" hits="8" branch="False" />
                <line number="17" hits="8" branch="False" />
                <line number="18" hits="8" branch="False" />
                <line number="19" hits="8" branch="False" />
                <line number="20" hits="8" branch="False" />
              </lines>
            </method>
            <method name=".ctor" signature="(System.String,System.Int32,System.Char,System.String,System.Int32)" line-rate="1" branch-rate="1" complexity="1">
              <lines>
                <line number="31" hits="88" branch="False" />
                <line number="32" hits="88" branch="False" />
                <line number="33" hits="88" branch="False" />
                <line number="34" hits="88" branch="False" />
              </lines>
            </method>
          </methods>
          <lines>
            <line number="44" hits="12" branch="False" />
            <line number="45" hits="9" branch="False" />
            <line number="55" hits="76" branch="False" />
            <line number="56" hits="76" branch="False" />
            <line number="57" hits="76" branch="False" />
            <line number="58" hits="76" branch="False" />
            <line number="61" hits="5" branch="False" />
            <line number="62" hits="5" branch="False" />
            <line number="63" hits="5" branch="True" condition-coverage="100% (2/2)">
              <conditions>
                <condition number="14" type="jump" coverage="100%" />
              </conditions>
            </line>
            <line number="64" hits="4" branch="False" />
            <line number="66" hits="1" branch="False" />
            <line number="67" hits="4" branch="False" />
            <line number="74" hits="1" branch="False" />
            <line number="75" hits="1" branch="False" />
            <line number="76" hits="1" branch="False" />
            <line number="84" hits="1" branch="False" />
            <line number="85" hits="1" branch="False" />
            <line number="86" hits="1" branch="False" />
            <line number="95" hits="3" branch="False" />
            <line number="96" hits="3" branch="True" condition-coverage="100% (4/4)">
              <conditions>
                <condition number="2" type="jump" coverage="100%" />
                <condition number="29" type="jump" coverage="100%" />
              </conditions>
            </line>
            <line number="97" hits="1" branch="False" />
            <line number="99" hits="2" branch="False" />
            <line number="100" hits="2" branch="False" />
            <line number="101" hits="2" branch="True" condition-coverage="100% (8/8)">
              <conditions>
                <condition number="60" type="jump" coverage="100%" />
                <condition number="74" type="jump" coverage="100%" />
                <condition number="88" type="jump" coverage="100%" />
                <condition number="107" type="jump" coverage="100%" />
              </conditions>
            </line>
            <line number="102" hits="2" branch="False" />
            <line number="103" hits="2" branch="False" />
            <line number="105" hits="3" branch="False" />
            <line number="112" hits="4" branch="False" />
            <line number="113" hits="4" branch="False" />
            <line number="114" hits="4" branch="False" />
            <line number="16" hits="8" branch="False" />
            <line number="17" hits="8" branch="False" />
            <line number="18" hits="8" branch="False" />
            <line number="19" hits="8" branch="False" />
            <line number="20" hits="8" branch="False" />
            <line number="31" hits="88" branch="False" />
            <line number="32" hits="88" branch="False" />
            <line number="33" hits="88" branch="False" />
            <line number="34" hits="88" branch="False" />
          </lines>
        </class>
        <class name="OOPlab10.Employee" filename="Employee.cs" line-rate="1" branch-rate="1" complexity="18">
          <methods>
            <method name="get_Position" signature="()" line-rate="1" branch-rate="1" complexity="1">
              <lines>
                <line number="40" hits="21" branch="False" />
              </lines>
            </method>
            <method name="set_Position" signature="(System.String)" line-rate="1" branch-rate="1" complexity="1">
              <lines>
                <line number="41" hits="882" branch="False" />
              </lines>
            </method>
            <method name="Info" signature="()" line-rate="1" branch-rate="1" complexity="1">
              <lines>
                <line number="50" hits="253" branch="False" />
                <line number="51" hits="253" branch="False" />
                <line number="52" hits="253" branch="False" />
                <line number="53" hits="253" branch="False" />
              </lines>
            </method>
            <method name="ShallowCopy" signature="()" line-rate="1" branch-rate="1" complexity="1">
              <lines>
                <line number="60" hits="1" branch="False" />
                <line number="61" hits="1" branch="False" />
                <line number="62" hits="1" branch="False" />
              </lines>
            </method>
            <method name="Clone" signature="()" line-rate="1" branch-rate="1" complexity="1">
              <lines>
                <line number="68" hits="1" branch="False" />
                <line number="69" hits="1" branch="False" />
                <line number="70" hits="1" branch="False" />
              </lines>
            </method>
            <method name="Equals" signature="(System.Object)" line-rate="1" branch-rate="1" complexity="10">
              <lines>
                <line number="78" hits="3" branch="False" />
                <line number="79" hits="3" branch="True" condition-coverage="100% (4/4)">
                  <conditions>
                    <condition number="2" type="jump" coverage="100%" />
                    <condition number="29" type="jump" coverage="100%" />
                  </conditions>
                </line>
                <line number="80" hits="1" branch="False" />
                <line number="81" hits="1" branch="False" />
                <line number="84" hits="2" branch="False" />
                <line number="85" hits="2" branch="False" />
                <line number="87" hits="2" branch="True" condition-coverage="100% (6/6)">
                  <conditions>
                    <condition number="61" type="jump" coverage="100%" />
                    <condition number="75" type="jump" coverage="100%" />
                    <condition number="89" type="jump" coverage="100%" />
                  </conditions>
                </line>
                <line number="88" hits="2" branch="False" />
                <line number="90" hits="3" branch="False" />
              </lines>
            </method>
            <method name="GetHashCode" signature="()" line-rate="1" branch-rate="1" complexity="1">
              <lines>
                <line number="97" hits="12" branch="False" />
                <line number="98" hits="12" branch="False" />
                <line number="99" hits="12" branch="False" />
              </lines>
            </method>
            <method name=".ctor" signature="()" line-rate="1" branch-rate="1" complexity="1">
              <lines>
                <line number="17" hits="22" branch="False" />
                <line number="18" hits="22" branch="False" />
                <line number="20" hits="22" branch="False" />
                <line number="21" hits="22" branch="False" />
              </lines>
            </method>
            <method name=".ctor" signature="(System.String,System.Int32,System.Char,System.String)" line-rate="1" branch-rate="1" complexity="1">
              <lines>
                <line number="32" hits="277" branch="False" />
                <line number="33" hits="277" branch="False" />
                <line number="34" hits="277" branch="False" />
                <line number="35" hits="277" branch="False" />
              </lines>
            </method>
          </methods>
          <lines>
            <line number="40" hits="21" branch="False" />
            <line number="41" hits="882" branch="False" />
            <line number="50" hits="253" branch="False" />
            <line number="51" hits="253" branch="False" />
            <line number="52" hits="253" branch="False" />
            <line number="53" hits="253" branch="False" />
            <line number="60" hits="1" branch="False" />
            <line number="61" hits="1" branch="False" />
            <line number="62" hits="1" branch="False" />
            <line number="68" hits="1" branch="False" />
            <line number="69" hits="1" branch="False" />
            <line number="70" hits="1" branch="False" />
            <line number="78" hits="3" branch="False" />
            <line number="79" hits="3" branch="True" condition-coverage="100% (4/4)">
              <conditions>
                <condition number="2" type="jump" coverage="100%" />
                <condition number="29" type="jump" coverage="100%" />
              </conditions>
            </line>
            <line number="80" hits="1" branch="False" />
            <line number="81" hits="1" branch="False" />
            <line number="84" hits="2" branch="False" />
            <line number="85" hits="2" branch="False" />
            <line number="87" hits="2" branch="True" condition-coverage="100% (6/6)">
              <conditions>
                <condition number="61" type="jump" coverage="100%" />
                <condition number="75" type="jump" coverage="100%" />
                <condition number="89" type="jump" coverage="100%" />
              </conditions>
            </line>
            <line number="88" hits="2" branch="False" />
            <line number="90" hits="3" branch="False" />
            <line number="97" hits="12" branch="False" />
            <line number="98" hits="12" branch="False" />
            <line number="99" hits="12" branch="False" />
            <line number="17" hits="22" branch="False" />
            <line number="18" hits="22" branch="False" />
            <line number="20" hits="22" branch="False" />
            <line number="21" hits="22" branch="False" />
            <line number="32" hits="277" branch="False" />
            <line number="33" hits="277" branch="False" />
            <line number="34" hits="277" branch="False" />
            <line number="35" hits="277" branch="False" />
          </lines>
        </class>
        <class name="OOPlab10.Engineer" filename="Engineer.cs" line-rate="1" branch-rate="1" complexity="27">
          <methods>
            <method name="get_university" signature="()" line-rate="1" branch-rate="1" complexity="1">
              <lines>
                <line number="11" hits="217" branch="False" />
              </lines>
            </method>
            <method name="get_numOfSubdivision" signature="()" line-rate="1" branch-rate="1" complexity="1">
              <lines>
                <line number="12" hits="233" branch="False" />
              </lines>
            </method>
            <method name="get_NumOfSubdivision" signature="()" line-rate="1" branch-rate="1" complexity="1">
              <lines>
                <line number="51" hits="39" branch="False" />
              </lines>
            </method>
            <method name="set_NumOfSubdivision" signature="(System.Int32)" line-rate="1" branch-rate="1" complexity="2">
              <lines>
                <line number="52" hits="3" branch="False" />
                <line number="54" hits="3" branch="True" condition-coverage="100% (2/2)">
                  <conditions>
                    <condition number="7" type="jump" coverage="100%" />
                  </conditions>
                </line>
                <line number="55" hits="1" branch="False" />
                <line number="57" hits="2" branch="False" />
                <line number="58" hits="3" branch="False" />
              </lines>
            </method>
            <method name="Info" signature="()" line-rate="1" branch-rate="1" complexity="1">
              <lines>
                <line number="68" hits="101" branch="False" />
                <line number="69" hits="101" branch="False" />
                <line number="70" hits="101" branch="False" />
                <line number="71" hits="101" branch="False" />
              </lines>
            </method>
            <method name="CompareTo" signature="(System.Object)" line-rate="1" branch-rate="1" complexity="2">
              <lines>
                <line number="80" hits="5" branch="False" />
                <line number="81" hits="5" branch="False" />
                <line number="82" hits="5" branch="True" condition-coverage="100% (2/2)">
                  <conditions>
                    <condition number="14" type="jump" coverage="100%" />
                  </conditions>
                </line>
                <line number="83" hits="4" branch="False" />
                <line number="85" hits="1" branch="False" />
                <line number="86" hits="4" branch="False" />
              </lines>
            </method>
            <method name="ShallowCopy" signature="()" line-rate="1" branch-rate="1" complexity="1">
              <lines>
                <line number="93" hits="1" branch="False" />
                <line number="94" hits="1" branch="False" />
                <line number="95" hits="1" branch="False" />
              </lines>
            </method>
            <method name="Clone" signature="()" line-rate="1" branch-rate="1" complexity="1">
              <lines>
                <line number="102" hits="1" branch="False" />
                <line number="103" hits="1" branch="False" />
                <line number="104" hits="1" branch="False" />
              </lines>
            </method>
            <method name="Equals" signature="(System.Object)" line-rate="1" branch-rate="1" complexity="14">
              <lines>
                <line number="113" hits="3" branch="False" />
                <line number="114" hits="3" branch="True" condition-coverage="100% (4/4)">
                  <conditions>
                    <condition number="2" type="jump" coverage="100%" />
                    <condition number="29" type="jump" coverage="100%" />
                  </conditions>
                </line>
                <line number="115" hits="1" branch="False" />
                <line number="116" hits="1" branch="False" />
                <line number="119" hits="2" branch="False" />
                <line number="120" hits="2" branch="False" />
                <line number="121" hits="2" branch="True" condition-coverage="100% (10/10)">
                  <conditions>
                    <condition number="61" type="jump" coverage="100%" />
                    <condition number="75" type="jump" coverage="100%" />
                    <condition number="89" type="jump" coverage="100%" />
                    <condition number="108" type="jump" coverage="100%" />
                    <condition number="127" type="jump" coverage="100%" />
                  </conditions>
                </line>
                <line number="122" hits="2" branch="False" />
                <line number="123" hits="2" branch="False" />
                <line number="125" hits="3" branch="False" />
              </lines>
            </method>
            <method name="GetHashCode" signature="()" line-rate="1" branch-rate="1" complexity="1">
              <lines>
                <line number="132" hits="4" branch="False" />
                <line number="133" hits="4" branch="False" />
                <line number="134" hits="4" branch="False" />
              </lines>
            </method>
            <method name=".ctor" signature="()" line-rate="1" branch-rate="1" complexity="1">
              <lines>
                <line number="20" hits="8" branch="False" />
                <line number="21" hits="8" branch="False" />
                <line number="22" hits="8" branch="False" />
                <line number="23" hits="8" branch="False" />
                <line number="24" hits="8" branch="False" />
                <line number="25" hits="8" branch="False" />
              </lines>
            </method>
            <method name=".ctor" signature="(System.String,System.Int32,System.Char,System.String,System.String,System.Int32)" line-rate="1" branch-rate="1" complexity="1">
              <lines>
                <line number="38" hits="101" branch="False" />
                <line number="39" hits="101" branch="False" />
                <line number="40" hits="101" branch="False" />
                <line number="41" hits="101" branch="False" />
                <line number="42" hits="101" branch="False" />
              </lines>
            </method>
          </methods>
          <lines>
            <line number="11" hits="217" branch="False" />
            <line number="12" hits="233" branch="False" />
            <line number="51" hits="39" branch="False" />
            <line number="52" hits="3" branch="False" />
            <line number="54" hits="3" branch="True" condition-coverage="100% (2/2)">
              <conditions>
                <condition number="7" type="jump" coverage="100%" />
              </conditions>
            </line>
            <line number="55" hits="1" branch="False" />
            <line number="57" hits="2" branch="False" />
            <line number="58" hits="3" branch="False" />
            <line number="68" hits="101" branch="False" />
            <line number="69" hits="101" branch="False" />
            <line number="70" hits="101" branch="False" />
            <line number="71" hits="101" branch="False" />
            <line number="80" hits="5" branch="False" />
            <line number="81" hits="5" branch="False" />
            <line number="82" hits="5" branch="True" condition-coverage="100% (2/2)">
              <conditions>
                <condition number="14" type="jump" coverage="100%" />
              </conditions>
            </line>
            <line number="83" hits="4" branch="False" />
            <line number="85" hits="1" branch="False" />
            <line number="86" hits="4" branch="False" />
            <line number="93" hits="1" branch="False" />
            <line number="94" hits="1" branch="False" />
            <line number="95" hits="1" branch="False" />
            <line number="102" hits="1" branch="False" />
            <line number="103" hits="1" branch="False" />
            <line number="104" hits="1" branch="False" />
            <line number="113" hits="3" branch="False" />
            <line number="114" hits="3" branch="True" condition-coverage="100% (4/4)">
              <conditions>
                <condition number="2" type="jump" coverage="100%" />
                <condition number="29" type="jump" coverage="100%" />
              </conditions>
            </line>
            <line number="115" hits="1" branch="False" />
            <line number="116" hits="1" branch="False" />
            <line number="119" hits="2" branch="False" />
            <line number="120" hits="2" branch="False" />
            <line number="121" hits="2" branch="True" condition-coverage="100% (10/10)">
              <conditions>
                <condition number="61" type="jump" coverage="100%" />
                <condition number="75" type="jump" coverage="100%" />
                <condition number="89" type="jump" coverage="100%" />
                <condition number="108" type="jump" coverage="100%" />
                <condition number="127" type="jump" coverage="100%" />
              </conditions>
            </line>
            <line number="122" hits="2" branch="False" />
            <line number="123" hits="2" branch="False" />
            <line number="125" hits="3" branch="False" />
            <line number="132" hits="4" branch="False" />
            <line number="133" hits="4" branch="False" />
            <line number="134" hits="4" branch="False" />
            <line number="20" hits="8" branch="False" />
            <line number="21" hits="8" branch="False" />
            <line number="22" hits="8" branch="False" />
            <line number="23" hits="8" branch="False" />
            <line number="24" hits="8" branch="False" />
            <line number="25" hits="8" branch="False" />
            <line number="38" hits="101" branch="False" />
            <line number="39" hits="101" branch="False" />
            <line number="40" hits="101" branch="False" />
            <line number="41" hits="101" branch="False" />
            <line number="42" hits="101" branch="False" />
          </lines>
        </class>
        <class name="OOPlab10.Generator" filename="Generator.cs" line-rate="0.8332999999999999" branch-rate="0.5" complexity="14">
          <methods>
            <method name="RandInt" signature="(System.Int32,System.Int32)" line-rate="1" branch-rate="1" complexity="1">
              <lines>
                <line number="17" hits="1458" branch="False" />
                <line number="18" hits="1458" branch="False" />
                <line number="19" hits="1458" branch="False" />
                <line number="20" hits="1458" branch="False" />
              </lines>
            </method>
            <method name="CreateNewEmployee" signature="()" line-rate="0.7692" branch-rate="0.5" complexity="4">
              <lines>
                <line number="28" hits="81" branch="False" />
                <line number="29" hits="81" branch="True" condition-coverage="50% (1/2)">
                  <conditions>
                    <condition number="9" type="jump" coverage="50%" />
                  </conditions>
                </line>
                <line number="34" hits="81" branch="True" condition-coverage="50% (1/2)">
                  <conditions>
                    <condition number="36" type="jump" coverage="50%" />
                  </conditions>
                </line>
                <line number="35" hits="81" branch="False" />
                <line number="36" hits="81" branch="False" />
                <line number="37" hits="81" branch="False" />
                <line number="39" hits="0" branch="False" />
                <line number="40" hits="0" branch="False" />
                <line number="41" hits="0" branch="False" />
                <line number="43" hits="81" branch="False" />
                <line number="45" hits="81" branch="False" />
                <line number="47" hits="81" branch="False" />
                <line number="48" hits="81" branch="False" />
              </lines>
            </method>
            <method name="CreateNewEngineer" signature="()" line-rate="0.8125" branch-rate="0.5" complexity="4">
              <lines>
                <line number="51" hits="94" branch="False" />
                <line number="52" hits="94" branch="True" condition-coverage="50% (1/2)">
                  <conditions>
                    <condition number="9" type="jump" coverage="50%" />
                  </conditions>
                </line>
                <line number="55" hits="94" branch="False" />
                <line number="56" hits="94" branch="False" />
                <line number="59" hits="94" branch="True" condition-coverage="50% (1/2)">
                  <conditions>
                    <condition number="49" type="jump" coverage="50%" />
                  </conditions>
                </line>
                <line number="60" hits="94" branch="False" />
                <line number="61" hits="94" branch="False" />
                <line number="62" hits="94" branch="False" />
                <line number="64" hits="0" branch="False" />
                <line number="65" hits="0" branch="False" />
                <line number="66" hits="0" branch="False" />
                <line number="68" hits="94" branch="False" />
                <line number="72" hits="94" branch="False" />
                <line number="73" hits="94" branch="False" />
                <line number="75" hits="94" branch="False" />
                <line number="76" hits="94" branch="False" />
              </lines>
            </method>
            <method name="CreateNewAdministration" signature="()" line-rate="0.8125" branch-rate="0.5" complexity="4">
              <lines>
                <line number="79" hits="81" branch="False" />
                <line number="80" hits="81" branch="True" condition-coverage="50% (1/2)">
                  <conditions>
                    <condition number="9" type="jump" coverage="50%" />
                  </conditions>
                </line>
                <line number="83" hits="81" branch="False" />
                <line number="84" hits="81" branch="False" />
                <line number="87" hits="81" branch="True" condition-coverage="50% (1/2)">
                  <conditions>
                    <condition number="45" type="jump" coverage="50%" />
                  </conditions>
                </line>
                <line number="88" hits="81" branch="False" />
                <line number="89" hits="81" branch="False" />
                <line number="90" hits="81" branch="False" />
                <line number="92" hits="0" branch="False" />
                <line number="93" hits="0" branch="False" />
                <line number="94" hits="0" branch="False" />
                <line number="96" hits="81" branch="False" />
                <line number="98" hits="81" branch="False" />
                <line number="100" hits="81" branch="False" />
                <line number="102" hits="81" branch="False" />
                <line number="103" hits="81" branch="False" />
              </lines>
            </method>
            <method name=".cctor" signature="()" line-rate="1" branch-rate="1" complexity="1">
              <lines>
                <line number="7" hits="1" branch="False" />
                <line number="8" hits="1" branch="False" />
                <line number="9" hits="1" branch="False" />
                <line number="10" hits="1" branch="False" />
                <line number="11" hits="1" branch="False" />
              </lines>
            </method>
          </methods>
          <lines>
            <line number="17" hits="1458" branch="False" />
            <line number="18" hits="1458" branch="False" />
            <line number="19" hits="1458" branch="False" />
            <line number="20" hits="1458" branch="False" />
            <line number="28" hits="81" branch="False" />
            <line number="29" hits="81" branch="True" condition-coverage="50% (1/2)">
              <conditions>
                <condition number="9" type="jump" coverage="50%" />
              </conditions>
            </line>
            <line number="34" hits="81" branch="True" condition-coverage="50% (1/2)">
              <conditions>
                <condition number="36" type="jump" coverage="50%" />
              </conditions>
            </line>
            <line number="35" hits="81" branch="False" />
            <line number="36" hits="81" branch="False" />
            <line number="37" hits="81" branch="False" />
            <line number="39" hits="0" branch="False" />
            <line number="40" hits="0" branch="False" />
            <line number="41" hits="0" branch="False" />
            <line number="43" hits="81" branch="False" />
            <line number="45" hits="81" branch="False" />
            <line number="47" hits="81" branch="False" />
            <line number="48" hits="81" branch="False" />
            <line number="51" hits="94" branch="False" />
            <line number="52" hits="94" branch="True" condition-coverage="50% (1/2)">
              <conditions>
                <condition number="9" type="jump" coverage="50%" />
              </conditions>
            </line>
            <line number="55" hits="94" branch="False" />
            <line number="56" hits="94" branch="False" />
            <line number="59" hits="94" branch="True" condition-coverage="50% (1/2)">
              <conditions>
                <condition number="49" type="jump" coverage="50%" />
              </conditions>
            </line>
            <line number="60" hits="94" branch="False" />
            <line number="61" hits="94" branch="False" />
            <line number="62" hits="94" branch="False" />
            <line number="64" hits="0" branch="False" />
            <line number="65" hits="0" branch="False" />
            <line number="66" hits="0" branch="False" />
            <line number="68" hits="94" branch="False" />
            <line number="72" hits="94" branch="False" />
            <line number="73" hits="94" branch="False" />
            <line number="75" hits="94" branch="False" />
            <line number="76" hits="94" branch="False" />
            <line number="79" hits="81" branch="False" />
            <line number="80" hits="81" branch="True" condition-coverage="50% (1/2)">
              <conditions>
                <condition number="9" type="jump" coverage="50%" />
              </conditions>
            </line>
            <line number="83" hits="81" branch="False" />
            <line number="84" hits="81" branch="False" />
            <line number="87" hits="81" branch="True" condition-coverage="50% (1/2)">
              <conditions>
                <condition number="45" type="jump" coverage="50%" />
              </conditions>
            </line>
            <line number="88" hits="81" branch="False" />
            <line number="89" hits="81" branch="False" />
            <line number="90" hits="81" branch="False" />
            <line number="92" hits="0" branch="False" />
            <line number="93" hits="0" branch="False" />
            <line number="94" hits="0" branch="False" />
            <line number="96" hits="81" branch="False" />
            <line number="98" hits="81" branch="False" />
            <line number="100" hits="81" branch="False" />
            <line number="102" hits="81" branch="False" />
            <line number="103" hits="81" branch="False" />
            <line number="7" hits="1" branch="False" />
            <line number="8" hits="1" branch="False" />
            <line number="9" hits="1" branch="False" />
            <line number="10" hits="1" branch="False" />
            <line number="11" hits="1" branch="False" />
          </lines>
        </class>
        <class name="OOPlab10.Person" filename="Person.cs" line-rate="1" branch-rate="1" complexity="42">
          <methods>
            <method name="get_name" signature="()" line-rate="1" branch-rate="1" complexity="1">
              <lines>
                <line number="14" hits="1126" branch="False" />
              </lines>
            </method>
            <method name="get_age" signature="()" line-rate="1" branch-rate="1" complexity="1">
              <lines>
                <line number="15" hits="841" branch="False" />
              </lines>
            </method>
            <method name="get_Name" signature="()" line-rate="1" branch-rate="1" complexity="1">
              <lines>
                <line number="48" hits="1122" branch="False" />
              </lines>
            </method>
            <method name="get_Sex" signature="()" line-rate="1" branch-rate="1" complexity="1">
              <lines>
                <line number="56" hits="201" branch="False" />
              </lines>
            </method>
            <method name="set_Sex" signature="(System.Char)" line-rate="1" branch-rate="1" complexity="16">
              <lines>
                <line number="59" hits="329" branch="False" />
                <line number="60" hits="329" branch="True" condition-coverage="100% (8/8)">
                  <conditions>
                    <condition number="4" type="jump" coverage="100%" />
                    <condition number="9" type="jump" coverage="100%" />
                    <condition number="17" type="jump" coverage="100%" />
                    <condition number="32" type="jump" coverage="100%" />
                  </conditions>
                </line>
                <line number="61" hits="65" branch="False" />
                <line number="62" hits="264" branch="True" condition-coverage="100% (8/8)">
                  <conditions>
                    <condition number="50" type="jump" coverage="100%" />
                    <condition number="55" type="jump" coverage="100%" />
                    <condition number="63" type="jump" coverage="100%" />
                    <condition number="78" type="jump" coverage="100%" />
                  </conditions>
                </line>
                <line number="63" hits="263" branch="False" />
                <line number="65" hits="1" branch="False" />
                <line number="66" hits="329" branch="False" />
              </lines>
            </method>
            <method name="get_Age" signature="()" line-rate="1" branch-rate="1" complexity="1">
              <lines>
                <line number="75" hits="207" branch="False" />
              </lines>
            </method>
            <method name="set_Age" signature="(System.Int32)" line-rate="1" branch-rate="1" complexity="2">
              <lines>
                <line number="77" hits="41" branch="False" />
                <line number="78" hits="41" branch="True" condition-coverage="100% (2/2)">
                  <conditions>
                    <condition number="7" type="jump" coverage="100%" />
                  </conditions>
                </line>
                <line number="79" hits="2" branch="False" />
                <line number="80" hits="2" branch="False" />
                <line number="81" hits="2" branch="False" />
                <line number="82" hits="2" branch="False" />
                <line number="84" hits="39" branch="False" />
                <line number="85" hits="39" branch="False" />
                <line number="86" hits="39" branch="False" />
                <line number="87" hits="41" branch="False" />
              </lines>
            </method>
            <method name="ShowInfo" signature="()" line-rate="1" branch-rate="1" complexity="1">
              <lines>
                <line number="95" hits="251" branch="False" />
                <line number="96" hits="251" branch="False" />
                <line number="97" hits="251" branch="False" />
              </lines>
            </method>
            <method name="ShowInfo_No_Virt" signature="()" line-rate="1" branch-rate="1" complexity="1">
              <lines>
                <line number="103" hits="179" branch="False" />
                <line number="104" hits="179" branch="False" />
                <line number="105" hits="179" branch="False" />
              </lines>
            </method>
            <method name="Info" signature="()" line-rate="1" branch-rate="1" complexity="1">
              <lines>
                <line number="112" hits="255" branch="False" />
                <line number="113" hits="255" branch="False" />
                <line number="114" hits="255" branch="False" />
              </lines>
            </method>
            <method name="Info_No_Virt" signature="()" line-rate="1" branch-rate="1" complexity="1">
              <lines>
                <line number="118" hits="181" branch="False" />
                <line number="119" hits="181" branch="False" />
                <line number="120" hits="181" branch="False" />
              </lines>
            </method>
            <method name="CompareTo" signature="(System.Object)" line-rate="1" branch-rate="1" complexity="2">
              <lines>
                <line number="128" hits="8" branch="False" />
                <line number="129" hits="8" branch="False" />
                <line number="130" hits="8" branch="True" condition-coverage="100% (2/2)">
                  <conditions>
                    <condition number="14" type="jump" coverage="100%" />
                  </conditions>
                </line>
                <line number="131" hits="7" branch="False" />
                <line number="133" hits="1" branch="False" />
                <line number="134" hits="7" branch="False" />
              </lines>
            </method>
            <method name="ShallowCopy" signature="()" line-rate="1" branch-rate="1" complexity="1">
              <lines>
                <line number="142" hits="1" branch="False" />
                <line number="143" hits="1" branch="False" />
                <line number="144" hits="1" branch="False" />
              </lines>
            </method>
            <method name="Clone" signature="()" line-rate="1" branch-rate="1" complexity="1">
              <lines>
                <line number="152" hits="1" branch="False" />
                <line number="153" hits="1" branch="False" />
                <line number="154" hits="1" branch="False" />
              </lines>
            </method>
            <method name="Equals" signature="(System.Object)" line-rate="1" branch-rate="1" complexity="8">
              <lines>
                <line number="163" hits="3" branch="False" />
                <line number="164" hits="3" branch="True" condition-coverage="100% (4/4)">
                  <conditions>
                    <condition number="2" type="jump" coverage="100%" />
                    <condition number="29" type="jump" coverage="100%" />
                  </conditions>
                </line>
                <line number="165" hits="1" branch="False" />
                <line number="166" hits="1" branch="False" />
                <line number="169" hits="2" branch="False" />
                <line number="170" hits="2" branch="False" />
                <line number="171" hits="2" branch="True" condition-coverage="100% (4/4)">
                  <conditions>
                    <condition number="61" type="jump" coverage="100%" />
                    <condition number="75" type="jump" coverage="100%" />
                  </conditions>
                </line>
                <line number="173" hits="3" branch="False" />
              </lines>
            </method>
            <method name="GetHashCode" signature="()" line-rate="1" branch-rate="1" complexity="1">
              <lines>
                <line number="180" hits="16" branch="False" />
                <line number="181" hits="16" branch="False" />
                <line number="182" hits="16" branch="False" />
              </lines>
            </method>
            <method name=".ctor" signature="()" line-rate="1" branch-rate="1" complexity="1">
              <lines>
                <line number="26" hits="34" branch="False" />
                <line number="27" hits="34" branch="False" />
                <line number="28" hits="34" branch="False" />
                <line number="29" hits="34" branch="False" />
                <line number="30" hits="34" branch="False" />
                <line number="31" hits="34" branch="False" />
              </lines>
            </method>
            <method name=".ctor" signature="(System.String,System.Int32,System.Char)" line-rate="1" branch-rate="1" complexity="1">
              <lines>
                <line number="39" hits="295" branch="False" />
                <line number="40" hits="295" branch="False" />
                <line number="41" hits="295" branch="False" />
                <line number="42" hits="295" branch="False" />
                <line number="43" hits="295" branch="False" />
                <line number="44" hits="295" branch="False" />
              </lines>
            </method>
          </methods>
          <lines>
            <line number="14" hits="1126" branch="False" />
            <line number="15" hits="841" branch="False" />
            <line number="48" hits="1122" branch="False" />
            <line number="56" hits="201" branch="False" />
            <line number="59" hits="329" branch="False" />
            <line number="60" hits="329" branch="True" condition-coverage="100% (8/8)">
              <conditions>
                <condition number="4" type="jump" coverage="100%" />
                <condition number="9" type="jump" coverage="100%" />
                <condition number="17" type="jump" coverage="100%" />
                <condition number="32" type="jump" coverage="100%" />
              </conditions>
            </line>
            <line number="61" hits="65" branch="False" />
            <line number="62" hits="264" branch="True" condition-coverage="100% (8/8)">
              <conditions>
                <condition number="50" type="jump" coverage="100%" />
                <condition number="55" type="jump" coverage="100%" />
                <condition number="63" type="jump" coverage="100%" />
                <condition number="78" type="jump" coverage="100%" />
              </conditions>
            </line>
            <line number="63" hits="263" branch="False" />
            <line number="65" hits="1" branch="False" />
            <line number="66" hits="329" branch="False" />
            <line number="75" hits="207" branch="False" />
            <line number="77" hits="41" branch="False" />
            <line number="78" hits="41" branch="True" condition-coverage="100% (2/2)">
              <conditions>
                <condition number="7" type="jump" coverage="100%" />
              </conditions>
            </line>
            <line number="79" hits="2" branch="False" />
            <line number="80" hits="2" branch="False" />
            <line number="81" hits="2" branch="False" />
            <line number="82" hits="2" branch="False" />
            <line number="84" hits="39" branch="False" />
            <line number="85" hits="39" branch="False" />
            <line number="86" hits="39" branch="False" />
            <line number="87" hits="41" branch="False" />
            <line number="95" hits="251" branch="False" />
            <line number="96" hits="251" branch="False" />
            <line number="97" hits="251" branch="False" />
            <line number="103" hits="179" branch="False" />
            <line number="104" hits="179" branch="False" />
            <line number="105" hits="179" branch="False" />
            <line number="112" hits="255" branch="False" />
            <line number="113" hits="255" branch="False" />
            <line number="114" hits="255" branch="False" />
            <line number="118" hits="181" branch="False" />
            <line number="119" hits="181" branch="False" />
            <line number="120" hits="181" branch="False" />
            <line number="128" hits="8" branch="False" />
            <line number="129" hits="8" branch="False" />
            <line number="130" hits="8" branch="True" condition-coverage="100% (2/2)">
              <conditions>
                <condition number="14" type="jump" coverage="100%" />
              </conditions>
            </line>
            <line number="131" hits="7" branch="False" />
            <line number="133" hits="1" branch="False" />
            <line number="134" hits="7" branch="False" />
            <line number="142" hits="1" branch="False" />
            <line number="143" hits="1" branch="False" />
            <line number="144" hits="1" branch="False" />
            <line number="152" hits="1" branch="False" />
            <line number="153" hits="1" branch="False" />
            <line number="154" hits="1" branch="False" />
            <line number="163" hits="3" branch="False" />
            <line number="164" hits="3" branch="True" condition-coverage="100% (4/4)">
              <conditions>
                <condition number="2" type="jump" coverage="100%" />
                <condition number="29" type="jump" coverage="100%" />
              </conditions>
            </line>
            <line number="165" hits="1" branch="False" />
            <line number="166" hits="1" branch="False" />
            <line number="169" hits="2" branch="False" />
            <line number="170" hits="2" branch="False" />
            <line number="171" hits="2" branch="True" condition-coverage="100% (4/4)">
              <conditions>
                <condition number="61" type="jump" coverage="100%" />
                <condition number="75" type="jump" coverage="100%" />
              </conditions>
            </line>
            <line number="173" hits="3" branch="False" />
            <line number="180" hits="16" branch="False" />
            <line number="181" hits="16" branch="False" />
            <line number="182" hits="16" branch="False" />
            <line number="26" hits="34" branch="False" />
            <line number="27" hits="34" branch="False" />
            <line number="28" hits="34" branch="False" />
            <line number="29" hits="34" branch="False" />
            <line number="30" hits="34" branch="False" />
            <line number="31" hits="34" branch="False" />
            <line number="39" hits="295" branch="False" />
            <line number="40" hits="295" branch="False" />
            <line number="41" hits="295" branch="False" />
            <line number="42" hits="295" branch="False" />
            <line number="43" hits="295" branch="False" />
            <line number="44" hits="295" branch="False" />
          </lines>
        </class>
        <class name="OOPlab10.Program" filename="Program.cs" line-rate="0.8654000000000001" branch-rate="0.9833" complexity="69">
          <methods>
            <method name="Main" signature="(System.String[])" line-rate="0" branch-rate="1" complexity="1">
              <lines>
                <line number="14" hits="0" branch="False" />
                <line number="17" hits="0" branch="False" />
                <line number="18" hits="0" branch="False" />
                <line number="19" hits="0" branch="False" />
                <line number="20" hits="0" branch="False" />
                <line number="21" hits="0" branch="False" />
                <line number="22" hits="0" branch="False" />
                <line number="23" hits="0" branch="False" />
                <line number="24" hits="0" branch="False" />
                <line number="25" hits="0" branch="False" />
                <line number="26" hits="0" branch="False" />
                <line number="27" hits="0" branch="False" />
                <line number="28" hits="0" branch="False" />
                <line number="29" hits="0" branch="False" />
                <line number="30" hits="0" branch="False" />
                <line number="31" hits="0" branch="False" />
                <line number="32" hits="0" branch="False" />
              </lines>
            </method>
            <method name="SearchExample" signature="()" line-rate="1" branch-rate="1" complexity="1">
              <lines>
                <line number="35" hits="1" branch="False" />
                <line number="36" hits="1" branch="False" />
                <line number="37" hits="1" branch="False" />
                <line number="39" hits="1" branch="False" />
                <line number="41" hits="1" branch="False" />
                <line number="42" hits="1" branch="False" />
                <line number="44" hits="1" branch="False" />
              </lines>
            </method>
            <method name="SortExample" signature="()" line-rate="1" branch-rate="1" complexity="1">
              <lines>
                <line number="47" hits="1" branch="False" />
                <line number="48" hits="1" branch="False" />
                <line number="49" hits="1" branch="False" />
                <line number="51" hits="1" branch="False" />
                <line number="54" hits="1" branch="False" />
                <line number="55" hits="1" branch="False" />
                <line number="56" hits="1" branch="False" />
              </lines>
            </method>
            <method name="CreateIExecutableList" signature="()" line-rate="1" branch-rate="1" complexity="1">
              <lines>
                <line number="59" hits="1" branch="False" />
                <line number="60" hits="1" branch="False" />
                <line number="61" hits="1" branch="False" />
              </lines>
            </method>
            <method name="PrintIExecutableList" signature="()" line-rate="1" branch-rate="1" complexity="1">
              <lines>
                <line number="64" hits="1" branch="False" />
                <line number="65" hits="1" branch="False" />
                <line number="66" hits="1" branch="False" />
              </lines>
            </method>
            <method name="GenerateList" signature="(System.Collections.Generic.List`1&lt;OOPlab10.Person&gt;&amp;,System.Int32,System.Int32,System.Int32)" line-rate="1" branch-rate="1" complexity="6">
              <lines>
                <line number="69" hits="9" branch="False" />
                <line number="70" hits="9" branch="False" />
                <line number="72" hits="132" branch="True" condition-coverage="100% (2/2)">
                  <conditions>
                    <condition number="37" type="jump" coverage="100%" />
                  </conditions>
                </line>
                <line number="73" hits="57" branch="False" />
                <line number="74" hits="57" branch="False" />
                <line number="75" hits="57" branch="False" />
                <line number="76" hits="156" branch="True" condition-coverage="100% (2/2)">
                  <conditions>
                    <condition number="68" type="jump" coverage="100%" />
                  </conditions>
                </line>
                <line number="77" hits="69" branch="False" />
                <line number="78" hits="69" branch="False" />
                <line number="79" hits="69" branch="False" />
                <line number="80" hits="132" branch="True" condition-coverage="100% (2/2)">
                  <conditions>
                    <condition number="105" type="jump" coverage="100%" />
                  </conditions>
                </line>
                <line number="81" hits="57" branch="False" />
                <line number="82" hits="57" branch="False" />
                <line number="83" hits="57" branch="False" />
                <line number="84" hits="9" branch="False" />
              </lines>
            </method>
            <method name="GenerateList" signature="(System.Collections.Generic.List`1&lt;OOPlab10.IExecutable&gt;&amp;,System.Int32,System.Int32,System.Int32)" line-rate="1" branch-rate="1" complexity="6">
              <lines>
                <line number="87" hits="3" branch="False" />
                <line number="88" hits="3" branch="False" />
                <line number="90" hits="52" branch="True" condition-coverage="100% (2/2)">
                  <conditions>
                    <condition number="37" type="jump" coverage="100%" />
                  </conditions>
                </line>
                <line number="91" hits="23" branch="False" />
                <line number="92" hits="23" branch="False" />
                <line number="93" hits="23" branch="False" />
                <line number="94" hits="54" branch="True" condition-coverage="100% (2/2)">
                  <conditions>
                    <condition number="68" type="jump" coverage="100%" />
                  </conditions>
                </line>
                <line number="95" hits="24" branch="False" />
                <line number="96" hits="24" branch="False" />
                <line number="97" hits="24" branch="False" />
                <line number="98" hits="52" branch="True" condition-coverage="100% (2/2)">
                  <conditions>
                    <condition number="105" type="jump" coverage="100%" />
                  </conditions>
                </line>
                <line number="99" hits="23" branch="False" />
                <line number="100" hits="23" branch="False" />
                <line number="101" hits="23" branch="False" />
                <line number="102" hits="3" branch="False" />
              </lines>
            </method>
            <method name="IsNullOrEmpty" signature="(System.Collections.Generic.List`1&lt;T&gt;)" line-rate="1" branch-rate="1" complexity="4">
              <lines>
                <line number="112" hits="16" branch="False" />
                <line number="113" hits="16" branch="True" condition-coverage="100% (2/2)">
                  <conditions>
                    <condition number="9" type="jump" coverage="100%" />
                  </conditions>
                </line>
                <line number="114" hits="3" branch="False" />
                <line number="115" hits="3" branch="False" />
                <line number="117" hits="13" branch="True" condition-coverage="100% (2/2)">
                  <conditions>
                    <condition number="27" type="jump" coverage="100%" />
                  </conditions>
                </line>
                <line number="118" hits="1" branch="False" />
                <line number="119" hits="1" branch="False" />
                <line number="120" hits="1" branch="False" />
                <line number="122" hits="12" branch="False" />
                <line number="123" hits="16" branch="False" />
              </lines>
            </method>
            <method name="IsNull" signature="(System.Collections.Generic.List`1&lt;T&gt;)" line-rate="1" branch-rate="1" complexity="2">
              <lines>
                <line number="133" hits="16" branch="False" />
                <line number="134" hits="16" branch="True" condition-coverage="100% (2/2)">
                  <conditions>
                    <condition number="7" type="jump" coverage="100%" />
                  </conditions>
                </line>
                <line number="135" hits="3" branch="False" />
                <line number="136" hits="3" branch="False" />
                <line number="137" hits="3" branch="False" />
                <line number="139" hits="13" branch="False" />
                <line number="140" hits="16" branch="False" />
              </lines>
            </method>
            <method name="Query1" signature="(System.Boolean)" line-rate="0.8636" branch-rate="0.9" complexity="10">
              <lines>
                <line number="143" hits="2" branch="False" />
                <line number="144" hits="2" branch="False" />
                <line number="145" hits="2" branch="False" />
                <line number="147" hits="2" branch="False" />
                <line number="150" hits="2" branch="True" condition-coverage="100% (2/2)">
                  <conditions>
                    <condition number="33" type="jump" coverage="100%" />
                  </conditions>
                </line>
                <line number="151" hits="66" branch="True" condition-coverage="100% (2/2)">
                  <conditions>
                    <condition number="159" type="jump" coverage="100%" />
                  </conditions>
                </line>
                <line number="152" hits="30" branch="False" />
                <line number="153" hits="30" branch="True" condition-coverage="100% (2/2)">
                  <conditions>
                    <condition number="79" type="jump" coverage="100%" />
                  </conditions>
                </line>
                <line number="154" hits="15" branch="False" />
                <line number="155" hits="15" branch="True" condition-coverage="50% (1/2)">
                  <conditions>
                    <condition number="97" type="jump" coverage="50%" />
                  </conditions>
                </line>
                <line number="156" hits="0" branch="False" />
                <line number="157" hits="0" branch="False" />
                <line number="158" hits="0" branch="False" />
                <line number="159" hits="15" branch="False" />
                <line number="161" hits="15" branch="False" />
                <line number="162" hits="15" branch="True" condition-coverage="100% (2/2)">
                  <conditions>
                    <condition number="134" type="jump" coverage="100%" />
                  </conditions>
                </line>
                <line number="163" hits="15" branch="False" />
                <line number="164" hits="15" branch="False" />
                <line number="165" hits="15" branch="False" />
                <line number="166" hits="15" branch="False" />
                <line number="167" hits="30" branch="False" />
                <line number="168" hits="2" branch="False" />
              </lines>
            </method>
            <method name="PrintList" signature="(System.Collections.Generic.List`1&lt;OOPlab10.Person&gt;)" line-rate="1" branch-rate="1" complexity="4">
              <lines>
                <line number="176" hits="9" branch="False" />
                <line number="177" hits="10" branch="True" condition-coverage="100% (2/2)">
                  <conditions>
                    <condition number="9" type="jump" coverage="100%" />
                  </conditions>
                </line>
                <line number="178" hits="8" branch="False" />
                <line number="182" hits="300" branch="True" condition-coverage="100% (2/2)">
                  <conditions>
                    <condition number="87" type="jump" coverage="100%" />
                  </conditions>
                </line>
                <line number="183" hits="138" branch="False" />
                <line number="184" hits="138" branch="False" />
                <line number="185" hits="138" branch="False" />
                <line number="186" hits="138" branch="False" />
                <line number="187" hits="138" branch="False" />
                <line number="188" hits="138" branch="False" />
                <line number="190" hits="9" branch="False" />
              </lines>
            </method>
            <method name="PrintList" signature="(System.Collections.Generic.List`1&lt;OOPlab10.IExecutable&gt;)" line-rate="1" branch-rate="1" complexity="6">
              <lines>
                <line number="197" hits="3" branch="False" />
                <line number="198" hits="4" branch="True" condition-coverage="100% (2/2)">
                  <conditions>
                    <condition number="9" type="jump" coverage="100%" />
                  </conditions>
                </line>
                <line number="199" hits="2" branch="False" />
                <line number="201" hits="2" branch="False" />
                <line number="203" hits="86" branch="True" condition-coverage="100% (2/2)">
                  <conditions>
                    <condition number="83" type="jump" coverage="100%" />
                  </conditions>
                </line>
                <line number="204" hits="40" branch="False" />
                <line number="205" hits="40" branch="False" />
                <line number="206" hits="40" branch="False" />
                <line number="207" hits="40" branch="False" />
                <line number="209" hits="2" branch="False" />
                <line number="210" hits="86" branch="True" condition-coverage="100% (2/2)">
                  <conditions>
                    <condition number="160" type="jump" coverage="100%" />
                  </conditions>
                </line>
                <line number="211" hits="40" branch="False" />
                <line number="212" hits="40" branch="False" />
                <line number="213" hits="40" branch="False" />
                <line number="214" hits="40" branch="False" />
                <line number="215" hits="3" branch="False" />
              </lines>
            </method>
            <method name="PrintArrOfPerson" signature="(OOPlab10.Person[])" line-rate="1" branch-rate="1" complexity="2">
              <lines>
                <line number="222" hits="2" branch="False" />
                <line number="223" hits="84" branch="True" condition-coverage="100% (2/2)">
                  <conditions>
                    <condition number="34" type="jump" coverage="100%" />
                  </conditions>
                </line>
                <line number="224" hits="40" branch="False" />
                <line number="225" hits="40" branch="False" />
                <line number="226" hits="40" branch="False" />
                <line number="227" hits="40" branch="False" />
                <line number="228" hits="2" branch="False" />
              </lines>
            </method>
            <method name="PrintArrOfIExecutable" signature="(OOPlab10.IExecutable[])" line-rate="1" branch-rate="1" complexity="2">
              <lines>
                <line number="235" hits="1" branch="False" />
                <line number="236" hits="62" branch="True" condition-coverage="100% (2/2)">
                  <conditions>
                    <condition number="34" type="jump" coverage="100%" />
                  </conditions>
                </line>
                <line number="237" hits="30" branch="False" />
                <line number="238" hits="30" branch="False" />
                <line number="239" hits="30" branch="False" />
                <line number="240" hits="30" branch="False" />
                <line number="241" hits="1" branch="False" />
              </lines>
            </method>
            <method name="Query2" signature="()" line-rate="1" branch-rate="1" complexity="4">
              <lines>
                <line number="245" hits="1" branch="False" />
                <line number="246" hits="1" branch="False" />
                <line number="248" hits="1" branch="False" />
                <line number="250" hits="1" branch="False" />
                <line number="254" hits="1" branch="False" />
                <line number="256" hits="41" branch="True" condition-coverage="100% (2/2)">
                  <conditions>
                    <condition number="96" type="jump" coverage="100%" />
                  </conditions>
                </line>
                <line number="257" hits="19" branch="False" />
                <line number="258" hits="19" branch="True" condition-coverage="100% (2/2)">
                  <conditions>
                    <condition number="80" type="jump" coverage="100%" />
                  </conditions>
                </line>
                <line number="259" hits="9" branch="False" />
                <line number="260" hits="9" branch="False" />
                <line number="261" hits="9" branch="False" />
                <line number="262" hits="19" branch="False" />
                <line number="264" hits="1" branch="False" />
                <line number="265" hits="1" branch="False" />
              </lines>
            </method>
            <method name="Query3" signature="()" line-rate="1" branch-rate="1" complexity="12">
              <lines>
                <line number="268" hits="1" branch="False" />
                <line number="269" hits="1" branch="False" />
                <line number="271" hits="1" branch="False" />
                <line number="273" hits="1" branch="False" />
                <line number="274" hits="31" branch="True" condition-coverage="100% (2/2)">
                  <conditions>
                    <condition number="79" type="jump" coverage="100%" />
                  </conditions>
                </line>
                <line number="275" hits="14" branch="False" />
                <line number="276" hits="14" branch="True" condition-coverage="100% (2/2)">
                  <conditions>
                    <condition number="63" type="jump" coverage="100%" />
                  </conditions>
                </line>
                <line number="277" hits="10" branch="False" />
                <line number="278" hits="10" branch="False" />
                <line number="279" hits="10" branch="False" />
                <line number="280" hits="14" branch="False" />
                <line number="282" hits="1" branch="False" />
                <line number="284" hits="31" branch="True" condition-coverage="100% (2/2)">
                  <conditions>
                    <condition number="162" type="jump" coverage="100%" />
                  </conditions>
                </line>
                <line number="285" hits="14" branch="False" />
                <line number="286" hits="14" branch="True" condition-coverage="100% (2/2)">
                  <conditions>
                    <condition number="143" type="jump" coverage="100%" />
                  </conditions>
                </line>
                <line number="287" hits="10" branch="False" />
                <line number="288" hits="14" branch="False" />
                <line number="290" hits="1" branch="False" />
                <line number="292" hits="23" branch="True" condition-coverage="100% (2/2)">
                  <conditions>
                    <condition number="243" type="jump" coverage="100%" />
                  </conditions>
                </line>
                <line number="293" hits="10" branch="False" />
                <line number="294" hits="10" branch="False" />
                <line number="295" hits="10" branch="False" />
                <line number="297" hits="1" branch="False" />
                <line number="299" hits="1" branch="False" />
                <line number="301" hits="1" branch="False" />
                <line number="303" hits="34" branch="True" condition-coverage="100% (2/2)">
                  <conditions>
                    <condition number="345" type="jump" coverage="100%" />
                  </conditions>
                </line>
                <line number="304" hits="16" branch="False" />
                <line number="305" hits="16" branch="False" />
                <line number="306" hits="16" branch="False" />
                <line number="307" hits="1" branch="False" />
              </lines>
            </method>
            <method name="Print" signature="(System.String)" line-rate="1" branch-rate="1" complexity="1">
              <lines>
                <line number="310" hits="293" branch="False" />
                <line number="311" hits="293" branch="False" />
                <line number="312" hits="293" branch="False" />
              </lines>
            </method>
            <method name="Wait" signature="()" line-rate="0" branch-rate="1" complexity="1">
              <lines>
                <line number="315" hits="0" branch="False" />
                <line number="316" hits="0" branch="False" />
                <line number="317" hits="0" branch="False" />
                <line number="318" hits="0" branch="False" />
              </lines>
            </method>
            <method name="SortByAge" signature="(System.Collections.Generic.List`1&lt;OOPlab10.Person&gt;&amp;)" line-rate="0" branch-rate="1" complexity="1">
              <lines>
                <line number="321" hits="0" branch="False" />
                <line number="322" hits="0" branch="False" />
                <line number="323" hits="0" branch="False" />
                <line number="324" hits="0" branch="False" />
                <line number="326" hits="0" branch="False" />
                <line number="327" hits="0" branch="False" />
              </lines>
            </method>
            <method name="SortWithComparer" signature="(System.Collections.Generic.List`1&lt;OOPlab10.Person&gt;&amp;,System.Collections.IComparer)" line-rate="1" branch-rate="1" complexity="1">
              <lines>
                <line number="330" hits="4" branch="False" />
                <line number="331" hits="4" branch="False" />
                <line number="332" hits="4" branch="False" />
                <line number="333" hits="4" branch="False" />
                <line number="335" hits="4" branch="False" />
                <line number="336" hits="4" branch="False" />
              </lines>
            </method>
            <method name="SearchName" signature="(System.Collections.Generic.List`1&lt;OOPlab10.Person&gt;,System.Collections.IComparer,System.String)" line-rate="1" branch-rate="1" complexity="2">
              <lines>
                <line number="339" hits="3" branch="False" />
                <line number="340" hits="3" branch="False" />
                <line number="342" hits="3" branch="False" />
                <line number="344" hits="3" branch="False" />
                <line number="346" hits="3" branch="True" condition-coverage="100% (2/2)">
                  <conditions>
                    <condition number="43" type="jump" coverage="100%" />
                  </conditions>
                </line>
                <line number="347" hits="2" branch="False" />
                <line number="348" hits="2" branch="False" />
                <line number="349" hits="2" branch="False" />
                <line number="350" hits="2" branch="False" />
                <line number="353" hits="1" branch="False" />
                <line number="354" hits="1" branch="False" />
                <line number="355" hits="1" branch="False" />
                <line number="357" hits="3" branch="False" />
              </lines>
            </method>
          </methods>
          <lines>
            <line number="14" hits="0" branch="False" />
            <line number="17" hits="0" branch="False" />
            <line number="18" hits="0" branch="False" />
            <line number="19" hits="0" branch="False" />
            <line number="20" hits="0" branch="False" />
            <line number="21" hits="0" branch="False" />
            <line number="22" hits="0" branch="False" />
            <line number="23" hits="0" branch="False" />
            <line number="24" hits="0" branch="False" />
            <line number="25" hits="0" branch="False" />
            <line number="26" hits="0" branch="False" />
            <line number="27" hits="0" branch="False" />
            <line number="28" hits="0" branch="False" />
            <line number="29" hits="0" branch="False" />
            <line number="30" hits="0" branch="False" />
            <line number="31" hits="0" branch="False" />
            <line number="32" hits="0" branch="False" />
            <line number="35" hits="1" branch="False" />
            <line number="36" hits="1" branch="False" />
            <line number="37" hits="1" branch="False" />
            <line number="39" hits="1" branch="False" />
            <line number="41" hits="1" branch="False" />
            <line number="42" hits="1" branch="False" />
            <line number="44" hits="1" branch="False" />
            <line number="47" hits="1" branch="False" />
            <line number="48" hits="1" branch="False" />
            <line number="49" hits="1" branch="False" />
            <line number="51" hits="1" branch="False" />
            <line number="54" hits="1" branch="False" />
            <line number="55" hits="1" branch="False" />
            <line number="56" hits="1" branch="False" />
            <line number="59" hits="1" branch="False" />
            <line number="60" hits="1" branch="False" />
            <line number="61" hits="1" branch="False" />
            <line number="64" hits="1" branch="False" />
            <line number="65" hits="1" branch="False" />
            <line number="66" hits="1" branch="False" />
            <line number="69" hits="9" branch="False" />
            <line number="70" hits="9" branch="False" />
            <line number="72" hits="132" branch="True" condition-coverage="100% (2/2)">
              <conditions>
                <condition number="37" type="jump" coverage="100%" />
              </conditions>
            </line>
            <line number="73" hits="57" branch="False" />
            <line number="74" hits="57" branch="False" />
            <line number="75" hits="57" branch="False" />
            <line number="76" hits="156" branch="True" condition-coverage="100% (2/2)">
              <conditions>
                <condition number="68" type="jump" coverage="100%" />
              </conditions>
            </line>
            <line number="77" hits="69" branch="False" />
            <line number="78" hits="69" branch="False" />
            <line number="79" hits="69" branch="False" />
            <line number="80" hits="132" branch="True" condition-coverage="100% (2/2)">
              <conditions>
                <condition number="105" type="jump" coverage="100%" />
              </conditions>
            </line>
            <line number="81" hits="57" branch="False" />
            <line number="82" hits="57" branch="False" />
            <line number="83" hits="57" branch="False" />
            <line number="84" hits="9" branch="False" />
            <line number="87" hits="3" branch="False" />
            <line number="88" hits="3" branch="False" />
            <line number="90" hits="52" branch="True" condition-coverage="100% (2/2)">
              <conditions>
                <condition number="37" type="jump" coverage="100%" />
              </conditions>
            </line>
            <line number="91" hits="23" branch="False" />
            <line number="92" hits="23" branch="False" />
            <line number="93" hits="23" branch="False" />
            <line number="94" hits="54" branch="True" condition-coverage="100% (2/2)">
              <conditions>
                <condition number="68" type="jump" coverage="100%" />
              </conditions>
            </line>
            <line number="95" hits="24" branch="False" />
            <line number="96" hits="24" branch="False" />
            <line number="97" hits="24" branch="False" />
            <line number="98" hits="52" branch="True" condition-coverage="100% (2/2)">
              <conditions>
                <condition number="105" type="jump" coverage="100%" />
              </conditions>
            </line>
            <line number="99" hits="23" branch="False" />
            <line number="100" hits="23" branch="False" />
            <line number="101" hits="23" branch="False" />
            <line number="102" hits="3" branch="False" />
            <line number="112" hits="16" branch="False" />
            <line number="113" hits="16" branch="True" condition-coverage="100% (2/2)">
              <conditions>
                <condition number="9" type="jump" coverage="100%" />
              </conditions>
            </line>
            <line number="114" hits="3" branch="False" />
            <line number="115" hits="3" branch="False" />
            <line number="117" hits="13" branch="True" condition-coverage="100% (2/2)">
              <conditions>
                <condition number="27" type="jump" coverage="100%" />
              </conditions>
            </line>
            <line number="118" hits="1" branch="False" />
            <line number="119" hits="1" branch="False" />
            <line number="120" hits="1" branch="False" />
            <line number="122" hits="12" branch="False" />
            <line number="123" hits="16" branch="False" />
            <line number="133" hits="16" branch="False" />
            <line number="134" hits="16" branch="True" condition-coverage="100% (2/2)">
              <conditions>
                <condition number="7" type="jump" coverage="100%" />
              </conditions>
            </line>
            <line number="135" hits="3" branch="False" />
            <line number="136" hits="3" branch="False" />
            <line number="137" hits="3" branch="False" />
            <line number="139" hits="13" branch="False" />
            <line number="140" hits="16" branch="False" />
            <line number="143" hits="2" branch="False" />
            <line number="144" hits="2" branch="False" />
            <line number="145" hits="2" branch="False" />
            <line number="147" hits="2" branch="False" />
            <line number="150" hits="2" branch="True" condition-coverage="100% (2/2)">
              <conditions>
                <condition number="33" type="jump" coverage="100%" />
              </conditions>
            </line>
            <line number="151" hits="66" branch="True" condition-coverage="100% (2/2)">
              <conditions>
                <condition number="159" type="jump" coverage="100%" />
              </conditions>
            </line>
            <line number="152" hits="30" branch="False" />
            <line number="153" hits="30" branch="True" condition-coverage="100% (2/2)">
              <conditions>
                <condition number="79" type="jump" coverage="100%" />
              </conditions>
            </line>
            <line number="154" hits="15" branch="False" />
            <line number="155" hits="15" branch="True" condition-coverage="50% (1/2)">
              <conditions>
                <condition number="97" type="jump" coverage="50%" />
              </conditions>
            </line>
            <line number="156" hits="0" branch="False" />
            <line number="157" hits="0" branch="False" />
            <line number="158" hits="0" branch="False" />
            <line number="159" hits="15" branch="False" />
            <line number="161" hits="15" branch="False" />
            <line number="162" hits="15" branch="True" condition-coverage="100% (2/2)">
              <conditions>
                <condition number="134" type="jump" coverage="100%" />
              </conditions>
            </line>
            <line number="163" hits="15" branch="False" />
            <line number="164" hits="15" branch="False" />
            <line number="165" hits="15" branch="False" />
            <line number="166" hits="15" branch="False" />
            <line number="167" hits="30" branch="False" />
            <line number="168" hits="2" branch="False" />
            <line number="176" hits="9" branch="False" />
            <line number="177" hits="10" branch="True" condition-coverage="100% (2/2)">
              <conditions>
                <condition number="9" type="jump" coverage="100%" />
              </conditions>
            </line>
            <line number="178" hits="8" branch="False" />
            <line number="182" hits="300" branch="True" condition-coverage="100% (2/2)">
              <conditions>
                <condition number="87" type="jump" coverage="100%" />
              </conditions>
            </line>
            <line number="183" hits="138" branch="False" />
            <line number="184" hits="138" branch="False" />
            <line number="185" hits="138" branch="False" />
            <line number="186" hits="138" branch="False" />
            <line number="187" hits="138" branch="False" />
            <line number="188" hits="138" branch="False" />
            <line number="190" hits="9" branch="False" />
            <line number="197" hits="3" branch="False" />
            <line number="198" hits="4" branch="True" condition-coverage="100% (2/2)">
              <conditions>
                <condition number="9" type="jump" coverage="100%" />
              </conditions>
            </line>
            <line number="199" hits="2" branch="False" />
            <line number="201" hits="2" branch="False" />
            <line number="203" hits="86" branch="True" condition-coverage="100% (2/2)">
              <conditions>
                <condition number="83" type="jump" coverage="100%" />
              </conditions>
            </line>
            <line number="204" hits="40" branch="False" />
            <line number="205" hits="40" branch="False" />
            <line number="206" hits="40" branch="False" />
            <line number="207" hits="40" branch="False" />
            <line number="209" hits="2" branch="False" />
            <line number="210" hits="86" branch="True" condition-coverage="100% (2/2)">
              <conditions>
                <condition number="160" type="jump" coverage="100%" />
              </conditions>
            </line>
            <line number="211" hits="40" branch="False" />
            <line number="212" hits="40" branch="False" />
            <line number="213" hits="40" branch="False" />
            <line number="214" hits="40" branch="False" />
            <line number="215" hits="3" branch="False" />
            <line number="222" hits="2" branch="False" />
            <line number="223" hits="84" branch="True" condition-coverage="100% (2/2)">
              <conditions>
                <condition number="34" type="jump" coverage="100%" />
              </conditions>
            </line>
            <line number="224" hits="40" branch="False" />
            <line number="225" hits="40" branch="False" />
            <line number="226" hits="40" branch="False" />
            <line number="227" hits="40" branch="False" />
            <line number="228" hits="2" branch="False" />
            <line number="235" hits="1" branch="False" />
            <line number="236" hits="62" branch="True" condition-coverage="100% (2/2)">
              <conditions>
                <condition number="34" type="jump" coverage="100%" />
              </conditions>
            </line>
            <line number="237" hits="30" branch="False" />
            <line number="238" hits="30" branch="False" />
            <line number="239" hits="30" branch="False" />
            <line number="240" hits="30" branch="False" />
            <line number="241" hits="1" branch="False" />
            <line number="245" hits="1" branch="False" />
            <line number="246" hits="1" branch="False" />
            <line number="248" hits="1" branch="False" />
            <line number="250" hits="1" branch="False" />
            <line number="254" hits="1" branch="False" />
            <line number="256" hits="41" branch="True" condition-coverage="100% (2/2)">
              <conditions>
                <condition number="96" type="jump" coverage="100%" />
              </conditions>
            </line>
            <line number="257" hits="19" branch="False" />
            <line number="258" hits="19" branch="True" condition-coverage="100% (2/2)">
              <conditions>
                <condition number="80" type="jump" coverage="100%" />
              </conditions>
            </line>
            <line number="259" hits="9" branch="False" />
            <line number="260" hits="9" branch="False" />
            <line number="261" hits="9" branch="False" />
            <line number="262" hits="19" branch="False" />
            <line number="264" hits="1" branch="False" />
            <line number="265" hits="1" branch="False" />
            <line number="268" hits="1" branch="False" />
            <line number="269" hits="1" branch="False" />
            <line number="271" hits="1" branch="False" />
            <line number="273" hits="1" branch="False" />
            <line number="274" hits="31" branch="True" condition-coverage="100% (2/2)">
              <conditions>
                <condition number="79" type="jump" coverage="100%" />
              </conditions>
            </line>
            <line number="275" hits="14" branch="False" />
            <line number="276" hits="14" branch="True" condition-coverage="100% (2/2)">
              <conditions>
                <condition number="63" type="jump" coverage="100%" />
              </conditions>
            </line>
            <line number="277" hits="10" branch="False" />
            <line number="278" hits="10" branch="False" />
            <line number="279" hits="10" branch="False" />
            <line number="280" hits="14" branch="False" />
            <line number="282" hits="1" branch="False" />
            <line number="284" hits="31" branch="True" condition-coverage="100% (2/2)">
              <conditions>
                <condition number="162" type="jump" coverage="100%" />
              </conditions>
            </line>
            <line number="285" hits="14" branch="False" />
            <line number="286" hits="14" branch="True" condition-coverage="100% (2/2)">
              <conditions>
                <condition number="143" type="jump" coverage="100%" />
              </conditions>
            </line>
            <line number="287" hits="10" branch="False" />
            <line number="288" hits="14" branch="False" />
            <line number="290" hits="1" branch="False" />
            <line number="292" hits="23" branch="True" condition-coverage="100% (2/2)">
              <conditions>
                <condition number="243" type="jump" coverage="100%" />
              </conditions>
            </line>
            <line number="293" hits="10" branch="False" />
            <line number="294" hits="10" branch="False" />
            <line number="295" hits="10" branch="False" />
            <line number="297" hits="1" branch="False" />
            <line number="299" hits="1" branch="False" />
            <line number="301" hits="1" branch="False" />
            <line number="303" hits="34" branch="True" condition-coverage="100% (2/2)">
              <conditions>
                <condition number="345" type="jump" coverage="100%" />
              </conditions>
            </line>
            <line number="304" hits="16" branch="False" />
            <line number="305" hits="16" branch="False" />
            <line number="306" hits="16" branch="False" />
            <line number="307" hits="1" branch="False" />
            <line number="310" hits="293" branch="False" />
            <line number="311" hits="293" branch="False" />
            <line number="312" hits="293" branch="False" />
            <line number="315" hits="0" branch="False" />
            <line number="316" hits="0" branch="False" />
            <line number="317" hits="0" branch="False" />
            <line number="318" hits="0" branch="False" />
            <line number="321" hits="0" branch="False" />
            <line number="322" hits="0" branch="False" />
            <line number="323" hits="0" branch="False" />
            <line number="324" hits="0" branch="False" />
            <line number="326" hits="0" branch="False" />
            <line number="327" hits="0" branch="False" />
            <line number="330" hits="4" branch="False" />
            <line number="331" hits="4" branch="False" />
            <line number="332" hits="4" branch="False" />
            <line number="333" hits="4" branch="False" />
            <line number="335" hits="4" branch="False" />
            <line number="336" hits="4" branch="False" />
            <line number="339" hits="3" branch="False" />
            <line number="340" hits="3" branch="False" />
            <line number="342" hits="3" branch="False" />
            <line number="344" hits="3" branch="False" />
            <line number="346" hits="3" branch="True" condition-coverage="100% (2/2)">
              <conditions>
                <condition number="43" type="jump" coverage="100%" />
              </conditions>
            </line>
            <line number="347" hits="2" branch="False" />
            <line number="348" hits="2" branch="False" />
            <line number="349" hits="2" branch="False" />
            <line number="350" hits="2" branch="False" />
            <line number="353" hits="1" branch="False" />
            <line number="354" hits="1" branch="False" />
            <line number="355" hits="1" branch="False" />
            <line number="357" hits="3" branch="False" />
          </lines>
        </class>
        <class name="OOPlab10.SortByName" filename="SortByName.cs" line-rate="1" branch-rate="1" complexity="1">
          <methods>
            <method name="System.Collections.IComparer.Compare" signature="(System.Object,System.Object)" line-rate="1" branch-rate="1" complexity="1">
              <lines>
                <line number="14" hits="150" branch="False" />
                <line number="15" hits="150" branch="False" />
                <line number="16" hits="150" branch="False" />
                <line number="18" hits="150" branch="False" />
                <line number="19" hits="150" branch="False" />
              </lines>
            </method>
          </methods>
          <lines>
            <line number="14" hits="150" branch="False" />
            <line number="15" hits="150" branch="False" />
            <line number="16" hits="150" branch="False" />
            <line number="18" hits="150" branch="False" />
            <line number="19" hits="150" branch="False" />
          </lines>
        </class>
      </classes>
    </package>
  </packages>
</coverage>